<?xml version="1.0" encoding="utf-8"?><testsuites name="pytest tests"><testsuite name="pytest" errors="0" failures="1" skipped="0" tests="4" time="0.727" timestamp="2025-10-30T23:28:18.741657+01:00" hostname="petteri-XPS-Ubu"><testcase classname="tests.test_bib_sanitizer" name="test_is_domain_title" time="0.001" /><testcase classname="tests.test_bib_sanitizer" name="test_is_stub_title" time="0.002" /><testcase classname="tests.test_bib_sanitizer" name="test_normalize_url" time="0.002" /><testcase classname="tests.test_bib_sanitizer" name="test_sanitize_bib_with_rdf" time="0.043"><failure message="assert 0 &gt;= 1&#10; +  where 0 = len([])">tests/test_bib_sanitizer.py:180: in test_sanitize_bib_with_rdf
    assert len(duplicates) &gt;= 1
E   assert 0 &gt;= 1
E    +  where 0 = len([])</failure></testcase></testsuite></testsuites>