<?xml version="1.0" encoding="utf-8"?><testsuites name="pytest tests"><testsuite name="pytest" errors="0" failures="2" skipped="5" tests="388" time="38.349" timestamp="2025-10-29T00:22:51.948592+01:00" hostname="petteri-XPS-Ubu"><testcase classname="tests.bibliography.test_core.TestBibliographyEntry" name="test_create_entry" time="0.000" /><testcase classname="tests.bibliography.test_core.TestBibliographyEntry" name="test_entry_field_operations" time="0.000" /><testcase classname="tests.bibliography.test_core.TestBibliographyEntry" name="test_bibtex_conversion" time="0.000" /><testcase classname="tests.bibliography.test_core.TestBibliography" name="test_create_empty_bibliography" time="0.000" /><testcase classname="tests.bibliography.test_core.TestBibliography" name="test_add_entry" time="0.000" /><testcase classname="tests.bibliography.test_core.TestBibliography" name="test_duplicate_key_error" time="0.000" /><testcase classname="tests.bibliography.test_core.TestBibliography" name="test_get_entry" time="0.000" /><testcase classname="tests.bibliography.test_core.TestBibliography" name="test_remove_entry" time="0.000" /><testcase classname="tests.bibliography.test_core.TestBibliography" name="test_update_entry" time="0.000" /><testcase classname="tests.bibliography.test_core.TestBibliography" name="test_iterate_entries" time="0.000" /><testcase classname="tests.bibliography.test_core.TestBibliography" name="test_file_operations" time="0.008" /><testcase classname="tests.bibliography.test_core.TestBibliography" name="test_file_not_found" time="0.000" /><testcase classname="tests.bibliography.test_core.TestBibliography" name="test_empty_bibtex_file" time="0.003" /><testcase classname="tests.bibliography.test_fixer.TestBibliographyFixer" name="test_fix_empty_bibliography" time="0.000" /><testcase classname="tests.bibliography.test_fixer.TestBibliographyFixer" name="test_fix_author_format" time="0.000" /><testcase classname="tests.bibliography.test_fixer.TestBibliographyFixer" name="test_fix_missing_doi" time="0.000" /><testcase classname="tests.bibliography.test_fixer.TestBibliographyFixer" name="test_fix_arxiv_format" time="0.000" /><testcase classname="tests.bibliography.test_fixer.TestBibliographyFixer" name="test_fix_page_numbers" time="0.000" /><testcase classname="tests.bibliography.test_fixer.TestBibliographyFixer" name="test_fix_duplicate_fields" time="0.000" /><testcase classname="tests.bibliography.test_fixer.TestBibliographyFixer" name="test_fix_title_capitalization" time="0.000" /><testcase classname="tests.bibliography.test_fixer.TestBibliographyFixer" name="test_fix_journal_abbreviations" time="0.000" /><testcase classname="tests.bibliography.test_fixer.TestBibliographyFixer" name="test_fix_et_al_in_authors" time="0.000" /><testcase classname="tests.bibliography.test_fixer.TestBibliographyFixer" name="test_preserve_valid_entries" time="0.000" /><testcase classname="tests.bibliography.test_formatter.TestCitationKeyFormatter" name="test_to_authoryear_simple" time="0.000" /><testcase classname="tests.bibliography.test_formatter.TestCitationKeyFormatter" name="test_to_authoryear_multiple_authors" time="0.000" /><testcase classname="tests.bibliography.test_formatter.TestCitationKeyFormatter" name="test_to_authoryear_no_comma" time="0.000" /><testcase classname="tests.bibliography.test_formatter.TestCitationKeyFormatter" name="test_to_authoryear_special_chars" time="0.000" /><testcase classname="tests.bibliography.test_formatter.TestCitationKeyFormatter" name="test_to_authoryear_duplicates" time="0.000" /><testcase classname="tests.bibliography.test_formatter.TestCitationKeyFormatter" name="test_to_authoryear_no_year" time="0.000" /><testcase classname="tests.bibliography.test_formatter.TestCitationKeyFormatter" name="test_to_authoryear_editor_fallback" time="0.000" /><testcase classname="tests.bibliography.test_formatter.TestCitationKeyFormatter" name="test_fix_arxiv_keys" time="0.000" /><testcase classname="tests.bibliography.test_formatter.TestCitationKeyFormatter" name="test_standardize_keys" time="0.000" /><testcase classname="tests.bibliography.test_hallucination_detection.TestHallucinationDetection" name="test_detect_et_al_abuse" time="0.000" /><testcase classname="tests.bibliography.test_hallucination_detection.TestHallucinationDetection" name="test_detect_generic_titles" time="0.000" /><testcase classname="tests.bibliography.test_hallucination_detection.TestHallucinationDetection" name="test_detect_suspicious_page_numbers" time="0.000" /><testcase classname="tests.bibliography.test_hallucination_detection.TestHallucinationDetection" name="test_detect_future_years" time="0.000" /><testcase classname="tests.bibliography.test_hallucination_detection.TestHallucinationDetection" name="test_detect_generic_conference_names" time="0.000" /><testcase classname="tests.bibliography.test_hallucination_detection.TestHallucinationDetection" name="test_detect_generic_journal_names" time="0.000" /><testcase classname="tests.bibliography.test_hallucination_detection.TestHallucinationDetection" name="test_detect_repetitive_author_patterns" time="0.000" /><testcase classname="tests.bibliography.test_hallucination_detection.TestHallucinationDetection" name="test_detect_missing_critical_fields" time="0.000" /><testcase classname="tests.bibliography.test_hallucination_detection.TestHallucinationDetection" name="test_detect_inconsistent_publication_info" time="0.000" /><testcase classname="tests.bibliography.test_hallucination_detection.TestHallucinationDetection" name="test_detect_common_llm_artifacts" time="0.000" /><testcase classname="tests.bibliography.test_hallucination_detection.TestHallucinationDetection" name="test_valid_entries_pass" time="0.000" /><testcase classname="tests.bibliography.test_hallucination_detection.TestHallucinationDetection" name="test_detect_duplicated_citations" time="0.000" /><testcase classname="tests.bibliography.test_sorter.TestBibliographySorter" name="test_sort_empty_bibliography" time="0.000" /><testcase classname="tests.bibliography.test_sorter.TestBibliographySorter" name="test_sort_by_author_default" time="0.000" /><testcase classname="tests.bibliography.test_sorter.TestBibliographySorter" name="test_sort_by_year" time="0.000" /><testcase classname="tests.bibliography.test_sorter.TestBibliographySorter" name="test_sort_by_year_descending" time="0.000" /><testcase classname="tests.bibliography.test_sorter.TestBibliographySorter" name="test_sort_by_title" time="0.000" /><testcase classname="tests.bibliography.test_sorter.TestBibliographySorter" name="test_sort_by_key" time="0.000" /><testcase classname="tests.bibliography.test_sorter.TestBibliographySorter" name="test_sort_with_missing_fields" time="0.000" /><testcase classname="tests.bibliography.test_sorter.TestBibliographySorter" name="test_sort_by_author_lastname" time="0.000" /><testcase classname="tests.bibliography.test_sorter.TestBibliographySorter" name="test_sort_multiple_authors" time="0.000" /><testcase classname="tests.bibliography.test_sorter.TestBibliographySorter" name="test_stable_sort" time="0.000" /><testcase classname="tests.bibliography.test_sorter.TestBibliographySorter" name="test_sort_entry_types" time="0.000" /><testcase classname="tests.bibliography.test_validator.TestBibliographyValidator" name="test_validate_empty_bibliography" time="0.000" /><testcase classname="tests.bibliography.test_validator.TestBibliographyValidator" name="test_check_required_fields_article" time="0.000" /><testcase classname="tests.bibliography.test_validator.TestBibliographyValidator" name="test_check_required_fields_editor_fallback" time="0.000" /><testcase classname="tests.bibliography.test_validator.TestBibliographyValidator" name="test_validate_year" time="0.000" /><testcase classname="tests.bibliography.test_validator.TestBibliographyValidator" name="test_validate_authors" time="0.000" /><testcase classname="tests.bibliography.test_validator.TestBibliographyValidator" name="test_check_suspicious_patterns" time="0.000" /><testcase classname="tests.bibliography.test_validator.TestBibliographyValidator" name="test_validate_urls_format" time="0.000" /><testcase classname="tests.bibliography.test_validator.TestLLMCitationValidator" name="test_check_llm_patterns" time="0.000" /><testcase classname="tests.citations.test_extractor.TestCitationExtractor" name="test_extract_from_markdown_with_doi_link" time="0.001" /><testcase classname="tests.citations.test_extractor.TestCitationExtractor" name="test_extract_from_markdown_with_arxiv_link" time="0.001" /><testcase classname="tests.citations.test_extractor.TestCitationExtractor" name="test_extract_from_markdown_multiple_citations" time="0.002" /><testcase classname="tests.citations.test_extractor.TestCitationExtractor" name="test_extract_from_latex_href" time="0.000" /><testcase classname="tests.citations.test_extractor.TestCitationExtractor" name="test_extract_from_latex_cite" time="0.000" /><testcase classname="tests.citations.test_extractor.TestCitationExtractor" name="test_extract_identifiers" time="0.000" /><testcase classname="tests.citations.test_extractor.TestCitationExtractor" name="test_is_academic_url" time="0.000" /><testcase classname="tests.citations.test_hallucination_detector.TestHallucinationDetector" name="test_detect_et_al_hallucination" time="0.001" /><testcase classname="tests.citations.test_hallucination_detector.TestHallucinationDetector" name="test_detect_wrong_authors" time="0.000" /><testcase classname="tests.citations.test_hallucination_detector.TestHallucinationDetector" name="test_detect_wrong_year" time="0.000" /><testcase classname="tests.citations.test_hallucination_detector.TestHallucinationDetector" name="test_standalone_suspicious_patterns" time="0.000" /><testcase classname="tests.citations.test_hallucination_detector.TestHallucinationDetector" name="test_common_hallucinated_authors" time="0.000" /><testcase classname="tests.citations.test_hallucination_detector.TestHallucinationDetector" name="test_hallucination_score_calculation" time="0.000" /><testcase classname="tests.citations.test_hallucination_detector.TestHallucinationDetector" name="test_text_normalization" time="0.000" /><testcase classname="tests.citations.test_models.TestDataSource" name="test_trust_scores" time="0.000" /><testcase classname="tests.citations.test_models.TestAuthorData" name="test_author_creation" time="0.000" /><testcase classname="tests.citations.test_models.TestAuthorData" name="test_author_bibtex_formatting" time="0.000" /><testcase classname="tests.citations.test_models.TestCitationData" name="test_citation_creation" time="0.000" /><testcase classname="tests.citations.test_models.TestCitationData" name="test_primary_identifier_priority" time="0.000" /><testcase classname="tests.citations.test_models.TestCitationData" name="test_validation_tracking" time="0.000" /><testcase classname="tests.citations.test_models.TestCitationData" name="test_to_dict_serialization" time="0.000" /><testcase classname="tests.citations.test_models.TestValidationResult" name="test_empty_result" time="0.000" /><testcase classname="tests.citations.test_models.TestValidationResult" name="test_add_citations" time="0.000" /><testcase classname="tests.citations.test_models.TestValidationResult" name="test_duration_calculation" time="0.000" /><testcase classname="tests.converters.md_to_latex.test_citation_extractor_unified.TestUnifiedCitationExtractor" name="test_extract_simple_citation" time="0.002" /><testcase classname="tests.converters.md_to_latex.test_citation_extractor_unified.TestUnifiedCitationExtractor" name="test_extract_multiple_citations" time="0.002" /><testcase classname="tests.converters.md_to_latex.test_citation_extractor_unified.TestUnifiedCitationExtractor" name="test_academic_domain_detection" time="0.000" /><testcase classname="tests.converters.md_to_latex.test_citation_extractor_unified.TestUnifiedCitationExtractor" name="test_extract_citation_contexts" time="0.001" /><testcase classname="tests.converters.md_to_latex.test_citation_extractor_unified.TestUnifiedCitationExtractor" name="test_group_citations_by_domain" time="0.001" /><testcase classname="tests.converters.md_to_latex.test_citation_extractor_unified.TestUnifiedCitationExtractor" name="test_find_duplicate_citations" time="0.001" /><testcase classname="tests.converters.md_to_latex.test_citation_extractor_unified.TestUnifiedCitationExtractor" name="test_edge_cases" time="0.001" /><testcase classname="tests.converters.md_to_latex.test_citation_extractor_unified.TestUnifiedCitationExtractor" name="test_position_tracking" time="0.001" /><testcase classname="tests.converters.md_to_latex.test_citation_extractor_unified.TestUnifiedCitationExtractor" name="test_complex_markdown" time="0.003" /><testcase classname="tests.converters.md_to_latex.test_citation_manager.TestCitation" name="test_basic_citation" time="0.000" /><testcase classname="tests.converters.md_to_latex.test_citation_manager.TestCitation" name="test_custom_key" time="0.000" /><testcase classname="tests.converters.md_to_latex.test_citation_manager.TestCitation" name="test_doi_extraction" time="0.000" /><testcase classname="tests.converters.md_to_latex.test_citation_manager.TestCitation" name="test_to_bibtex_basic" time="0.000" /><testcase classname="tests.converters.md_to_latex.test_citation_manager.TestCitation" name="test_to_bibtex_with_metadata" time="0.000" /><testcase classname="tests.converters.md_to_latex.test_citation_manager.TestCitationManager" name="test_extract_citations" time="0.014" /><testcase classname="tests.converters.md_to_latex.test_citation_manager.TestCitationManager" name="test_duplicate_key_handling" time="0.008" /><testcase classname="tests.converters.md_to_latex.test_citation_manager.TestCitationManager" name="test_replace_citations_in_text" time="0.007" /><testcase classname="tests.converters.md_to_latex.test_citation_manager.TestCitationManager" name="test_fetch_from_crossref" time="0.006" /><testcase classname="tests.converters.md_to_latex.test_citation_manager.TestCitationManager" name="test_fetch_from_arxiv" time="0.005" /><testcase classname="tests.converters.md_to_latex.test_citation_manager.TestCitationManager" name="test_cache_persistence" time="0.007" /><testcase classname="tests.converters.md_to_latex.test_citation_manager.TestCitationManager" name="test_generate_bibtex_file" time="1.320" /><testcase classname="tests.converters.md_to_latex.test_concept_boxes.TestConceptBox" name="test_basic_concept_box" time="0.000" /><testcase classname="tests.converters.md_to_latex.test_concept_boxes.TestConceptBox" name="test_custom_style" time="0.000" /><testcase classname="tests.converters.md_to_latex.test_concept_boxes.TestConceptBox" name="test_professional_blue_latex" time="0.000" /><testcase classname="tests.converters.md_to_latex.test_concept_boxes.TestConceptBox" name="test_modern_gradient_latex" time="0.000" /><testcase classname="tests.converters.md_to_latex.test_concept_boxes.TestConceptBox" name="test_clean_minimal_latex" time="0.000" /><testcase classname="tests.converters.md_to_latex.test_concept_boxes.TestConceptBox" name="test_academic_formal_latex" time="0.000" /><testcase classname="tests.converters.md_to_latex.test_concept_boxes.TestConceptBox" name="test_technical_dark_latex" time="0.000" /><testcase classname="tests.converters.md_to_latex.test_concept_boxes.TestConceptBoxConverter" name="test_extract_single_box" time="0.000" /><testcase classname="tests.converters.md_to_latex.test_concept_boxes.TestConceptBoxConverter" name="test_extract_multiple_boxes" time="0.001" /><testcase classname="tests.converters.md_to_latex.test_concept_boxes.TestConceptBoxConverter" name="test_replace_boxes_in_text" time="0.001" /><testcase classname="tests.converters.md_to_latex.test_concept_boxes.TestConceptBoxConverter" name="test_empty_content_handling" time="0.000" /><testcase classname="tests.converters.md_to_latex.test_concept_boxes.TestConceptBoxConverter" name="test_required_packages" time="0.000" /><testcase classname="tests.converters.md_to_latex.test_concept_boxes.TestConceptBoxConverter" name="test_set_style" time="0.000" /><testcase classname="tests.converters.md_to_latex.test_concept_boxes_enhanced.TestEnhancedConceptBoxConverter" name="test_asterisk_encoding" time="0.000" /><testcase classname="tests.converters.md_to_latex.test_concept_boxes_enhanced.TestEnhancedConceptBoxConverter" name="test_hline_encoding" time="0.000" /><testcase classname="tests.converters.md_to_latex.test_concept_boxes_enhanced.TestEnhancedConceptBoxConverter" name="test_blockquote_encoding" time="0.000" /><testcase classname="tests.converters.md_to_latex.test_concept_boxes_enhanced.TestEnhancedConceptBoxConverter" name="test_multiple_boxes_hline" time="0.000" /><testcase classname="tests.converters.md_to_latex.test_concept_boxes_enhanced.TestEnhancedConceptBoxConverter" name="test_replace_boxes_in_text" time="0.000" /><testcase classname="tests.converters.md_to_latex.test_concept_boxes_enhanced.TestEnhancedConceptBoxConverter" name="test_style_selection" time="0.000" /><testcase classname="tests.converters.md_to_latex.test_concept_boxes_enhanced.TestEnhancedConceptBoxConverter" name="test_encoding_change" time="0.000" /><testcase classname="tests.converters.md_to_latex.test_concept_boxes_enhanced.TestEnhancedConceptBoxConverter" name="test_complex_hline_content" time="0.000" /><testcase classname="tests.converters.md_to_latex.test_converter.TestMarkdownToLatexConverter" name="test_converter_initialization" time="0.001" /><testcase classname="tests.converters.md_to_latex.test_converter.TestMarkdownToLatexConverter" name="test_converter_default_initialization" time="0.001" /><testcase classname="tests.converters.md_to_latex.test_converter.TestMarkdownToLatexConverter" name="test_convert_basic" time="1.989" /><testcase classname="tests.converters.md_to_latex.test_converter.TestMarkdownToLatexConverter" name="test_convert_nonexistent_file" time="0.001" /><testcase classname="tests.converters.md_to_latex.test_converter.TestMarkdownToLatexConverter" name="test_convert_with_custom_output_name" time="1.913" /><testcase classname="tests.converters.md_to_latex.test_converter.TestMarkdownToLatexConverter" name="test_citation_extraction" time="1.935" /><testcase classname="tests.converters.md_to_latex.test_converter.TestMarkdownToLatexConverter" name="test_concept_box_conversion" time="2.009" /><testcase classname="tests.converters.md_to_latex.test_converter.TestMarkdownToLatexConverter" name="test_set_concept_box_style" time="0.001" /><testcase classname="tests.converters.md_to_latex.test_converter.TestMarkdownToLatexConverter" name="test_get_available_styles" time="0.000" /><testcase classname="tests.converters.md_to_latex.test_converter.TestMarkdownToLatexConverter" name="test_verbose_mode" time="1.843" /><testcase classname="tests.converters.md_to_latex.test_converter.TestMarkdownToLatexConverter" name="test_pandoc_failure" time="0.008" /><testcase classname="tests.converters.md_to_latex.test_full_pipeline.TestFullPipeline" name="test_empty_concept_box_handling" time="0.001" /><testcase classname="tests.converters.md_to_latex.test_full_pipeline.TestFullPipeline" name="test_concept_box_with_escaped_characters" time="0.001" /><testcase classname="tests.converters.md_to_latex.test_full_pipeline.TestFullPipeline" name="test_multiple_concept_box_formats" time="0.001" /><testcase classname="tests.converters.md_to_latex.test_full_pipeline.TestFullPipeline" name="test_citation_extraction_and_bibtex_generation" time="1.228" /><testcase classname="tests.converters.md_to_latex.test_full_pipeline.TestFullPipeline" name="test_natbib_compatibility" time="0.001" /><testcase classname="tests.converters.md_to_latex.test_full_pipeline.TestFullPipeline" name="test_table_column_width_handling" time="1.835" /><testcase classname="tests.converters.md_to_latex.test_full_pipeline.TestFullPipeline" name="test_utf8_handling" time="1.227" /><testcase classname="tests.converters.md_to_latex.test_full_pipeline.TestFullPipeline" name="test_compiler_preference" time="0.001" /><testcase classname="tests.converters.md_to_latex.test_full_pipeline.TestFullPipeline" name="test_bibliography_style_file_copying" time="0.692" /><testcase classname="tests.converters.md_to_latex.test_full_pipeline.TestRecentCorrections" name="test_citation_text_improvement" time="3.196" /><testcase classname="tests.converters.md_to_latex.test_full_pipeline.TestRecentCorrections" name="test_thinking_tag_removal" time="0.000" /><testcase classname="tests.converters.md_to_latex.test_full_pipeline.TestRecentCorrections" name="test_no_regex_for_parsing" time="0.000" /><testcase classname="tests.converters.md_to_latex.test_full_pipeline.TestEdgeCases" name="test_empty_markdown_file" time="1.804" /><testcase classname="tests.converters.md_to_latex.test_full_pipeline.TestEdgeCases" name="test_markdown_without_citations" time="1.331" /><testcase classname="tests.converters.md_to_latex.test_full_pipeline.TestEdgeCases" name="test_malformed_concept_boxes" time="0.001" /><testcase classname="tests.converters.md_to_latex.test_heading_cleaning.TestHeadingCleaning" name="test_remove_bold_formatting" time="0.000" /><testcase classname="tests.converters.md_to_latex.test_heading_cleaning.TestHeadingCleaning" name="test_remove_numbers_simple" time="0.000" /><testcase classname="tests.converters.md_to_latex.test_heading_cleaning.TestHeadingCleaning" name="test_remove_numbers_hierarchical" time="0.000" /><testcase classname="tests.converters.md_to_latex.test_heading_cleaning.TestHeadingCleaning" name="test_escaped_periods" time="0.000" /><testcase classname="tests.converters.md_to_latex.test_heading_cleaning.TestHeadingCleaning" name="test_combined_bold_and_numbers" time="0.000" /><testcase classname="tests.converters.md_to_latex.test_heading_cleaning.TestHeadingCleaning" name="test_preserve_non_headings" time="0.000" /><testcase classname="tests.converters.md_to_latex.test_heading_cleaning.TestHeadingCleaning" name="test_edge_cases" time="0.000" /><testcase classname="tests.converters.md_to_latex.test_latex_builder.TestLatexBuilder" name="test_basic_builder" time="0.000" /><testcase classname="tests.converters.md_to_latex.test_latex_builder.TestLatexBuilder" name="test_custom_document_class" time="0.000" /><testcase classname="tests.converters.md_to_latex.test_latex_builder.TestLatexBuilder" name="test_build_preamble_basic" time="0.000" /><testcase classname="tests.converters.md_to_latex.test_latex_builder.TestLatexBuilder" name="test_build_preamble_non_arxiv" time="0.000" /><testcase classname="tests.converters.md_to_latex.test_latex_builder.TestLatexBuilder" name="test_build_preamble_single_column" time="0.000" /><testcase classname="tests.converters.md_to_latex.test_latex_builder.TestLatexBuilder" name="test_add_packages" time="0.000" /><testcase classname="tests.converters.md_to_latex.test_latex_builder.TestLatexBuilder" name="test_add_custom_commands" time="0.000" /><testcase classname="tests.converters.md_to_latex.test_latex_builder.TestLatexBuilder" name="test_build_document" time="0.000" /><testcase classname="tests.converters.md_to_latex.test_latex_builder.TestLatexBuilder" name="test_build_document_no_title" time="0.000" /><testcase classname="tests.converters.md_to_latex.test_latex_builder.TestLatexBuilder" name="test_process_pandoc_output" time="0.000" /><testcase classname="tests.converters.md_to_latex.test_latex_builder.TestLatexBuilder" name="test_create_makefile" time="0.001" /><testcase classname="tests.converters.md_to_latex.test_latex_builder.TestLatexBuilder" name="test_create_readme" time="0.000" /><testcase classname="tests.converters.md_to_latex.test_post_processing.TestLatexPostProcessor" name="test_fix_passthrough_commands" time="0.000" /><testcase classname="tests.converters.md_to_latex.test_post_processing.TestLatexPostProcessor" name="test_fix_table_alignment_issues" time="0.000" /><testcase classname="tests.converters.md_to_latex.test_post_processing.TestLatexPostProcessor" name="test_fix_strut_commands" time="0.000" /><testcase classname="tests.converters.md_to_latex.test_post_processing.TestLatexPostProcessor" name="test_fix_empty_captions" time="0.000" /><testcase classname="tests.converters.md_to_latex.test_post_processing.TestLatexPostProcessor" name="test_fix_nested_emphasis" time="0.000" /><testcase classname="tests.converters.md_to_latex.test_post_processing.TestLatexPostProcessor" name="test_fix_href_in_tables" time="0.000" /><testcase classname="tests.converters.md_to_latex.test_post_processing.TestLatexPostProcessor" name="test_process_file" time="0.001" /><testcase classname="tests.converters.md_to_latex.test_post_processing_ast.TestASTLatexPostProcessor" name="test_fix_passthrough_commands" time="0.003" /><testcase classname="tests.converters.md_to_latex.test_post_processing_ast.TestASTLatexPostProcessor" name="test_fix_nested_emphasis" time="0.001" /><testcase classname="tests.converters.md_to_latex.test_post_processing_ast.TestASTLatexPostProcessor" name="test_fix_empty_captions" time="0.001" /><testcase classname="tests.converters.md_to_latex.test_post_processing_ast.TestASTLatexPostProcessor" name="test_convert_href_citations" time="0.002" /><testcase classname="tests.converters.md_to_latex.test_post_processing_ast.TestASTLatexPostProcessor" name="test_clean_excessive_line_breaks" time="0.001" /><testcase classname="tests.converters.md_to_latex.test_post_processing_ast.TestASTLatexPostProcessor" name="test_malformed_latex" time="0.001" /><testcase classname="tests.converters.md_to_latex.test_post_processing_ast.TestASTLatexPostProcessor" name="test_post_process_function" time="0.001" /><testcase classname="tests.converters.md_to_latex.test_post_processing_ast.TestASTLatexPostProcessor" name="test_complex_document" time="0.002" /><testcase classname="tests.converters.md_to_latex.test_utils.TestSanitizeLatex" name="test_special_characters" time="0.000" /><testcase classname="tests.converters.md_to_latex.test_utils.TestSanitizeLatex" name="test_braces" time="0.000" /><testcase classname="tests.converters.md_to_latex.test_utils.TestSanitizeLatex" name="test_underscores" time="0.000" /><testcase classname="tests.converters.md_to_latex.test_utils.TestGenerateCitationKey" name="test_single_author" time="0.000" /><testcase classname="tests.converters.md_to_latex.test_utils.TestGenerateCitationKey" name="test_multiple_authors" time="0.000" /><testcase classname="tests.converters.md_to_latex.test_utils.TestGenerateCitationKey" name="test_et_al" time="0.000" /><testcase classname="tests.converters.md_to_latex.test_utils.TestExtractUrlFromLink" name="test_valid_link" time="0.000" /><testcase classname="tests.converters.md_to_latex.test_utils.TestExtractUrlFromLink" name="test_no_link" time="0.000" /><testcase classname="tests.converters.md_to_latex.test_utils.TestExtractDoiFromUrl" name="test_doi_org_url" time="0.000" /><testcase classname="tests.converters.md_to_latex.test_utils.TestExtractDoiFromUrl" name="test_doi_in_path" time="0.000" /><testcase classname="tests.converters.md_to_latex.test_utils.TestExtractDoiFromUrl" name="test_no_doi" time="0.000" /><testcase classname="tests.converters.md_to_latex.test_utils.TestParseCitationText" name="test_valid_citation" time="0.000" /><testcase classname="tests.converters.md_to_latex.test_utils.TestParseCitationText" name="test_invalid_citation" time="0.000" /><testcase classname="tests.converters.md_to_latex.test_utils.TestCleanPandocOutput" name="test_remove_tightlist" time="0.000" /><testcase classname="tests.converters.md_to_latex.test_utils.TestCleanPandocOutput" name="test_remove_empty_hypertarget" time="0.000" /><testcase classname="tests.converters.md_to_latex.test_utils.TestCleanPandocOutput" name="test_clean_excessive_blank_lines" time="0.000" /><testcase classname="tests.converters.md_to_latex.test_utils.TestExtractTitleFromMarkdown" name="test_h1_title" time="0.000" /><testcase classname="tests.converters.md_to_latex.test_utils.TestExtractTitleFromMarkdown" name="test_no_title" time="0.004" /><testcase classname="tests.converters.md_to_latex.test_utils.TestExtractAbstractFromMarkdown" name="test_h2_abstract" time="0.000" /><testcase classname="tests.converters.md_to_latex.test_utils.TestExtractAbstractFromMarkdown" name="test_bold_abstract" time="0.000" /><testcase classname="tests.converters.md_to_latex.test_utils.TestExtractAbstractFromMarkdown" name="test_no_abstract" time="0.000" /><testcase classname="tests.converters.md_to_latex.test_zotero_integration.TestZoteroClient" name="test_initialization" time="0.000" /><testcase classname="tests.converters.md_to_latex.test_zotero_integration.TestZoteroClient" name="test_search_by_identifier_translation_server" time="0.001" /><testcase classname="tests.converters.md_to_latex.test_zotero_integration.TestZoteroClient" name="test_search_by_identifier_translation_server_failure" time="0.001" /><testcase classname="tests.converters.md_to_latex.test_zotero_integration.TestZoteroClient" name="test_search_library" time="0.001" /><testcase classname="tests.converters.md_to_latex.test_zotero_integration.TestZoteroClient" name="test_format_bibtex" time="0.000" /><testcase classname="tests.converters.md_to_latex.test_zotero_integration.TestZoteroClient" name="test_format_bibtex_minimal" time="0.000" /><testcase classname="tests.converters.md_to_latex.test_zotero_integration.TestZoteroClient" name="test_extract_year" time="0.000" /><testcase classname="tests.converters.md_to_latex.test_zotero_integration.TestZoteroClient" name="test_get_first_title_word" time="0.000" /><testcase classname="tests.converters.md_to_latex.test_zotero_integration.TestZoteroIntegration" name="test_real_translation_server" time="0.320" /><testcase classname="tests.converters.test_to_lyx.TestTexToLyxConverter" name="test_tex2lyx_available" time="0.000" /><testcase classname="tests.converters.test_to_lyx.TestTexToLyxConverter" name="test_convert_basic" time="0.031" /><testcase classname="tests.converters.test_to_lyx.TestTexToLyxConverter" name="test_convert_with_custom_output" time="0.032" /><testcase classname="tests.converters.test_to_lyx.TestTexToLyxConverter" name="test_convert_nonexistent_file" time="0.001" /><testcase classname="tests.converters.test_to_lyx.TestTexToLyxConverter" name="test_convert_with_options" time="0.179" /><testcase classname="tests.converters.test_to_lyx.TestMarkdownToLyxConverter" name="test_pandoc_available" time="0.000" /><testcase classname="tests.converters.test_to_lyx.TestMarkdownToLyxConverter" name="test_convert_simple" time="0.046" /><testcase classname="tests.converters.test_to_lyx.TestMarkdownToLyxConverter" name="test_convert_advanced" time="2.079" /><testcase classname="tests.converters.test_to_lyx.TestMarkdownToLyxConverter" name="test_batch_convert" time="0.138" /><testcase classname="tests.converters.test_to_lyx.TestMarkdownToLyxConverter" name="test_convert_with_layout_options" time="2.260" /><testcase classname="tests.converters.test_to_lyx.TestCLIIntegration" name="test_cli_imports" time="0.002" /><testcase classname="tests.converters.test_to_lyx.TestCLIIntegration" name="test_cli_help" time="0.001" /><testcase classname="tests.integration.test_cli_workflows.TestCLIWorkflows" name="test_validate_bibliography_workflow" time="0.006" /><testcase classname="tests.integration.test_cli_workflows.TestCLIWorkflows" name="test_fix_bibliography_workflow" time="0.007" /><testcase classname="tests.integration.test_cli_workflows.TestCLIWorkflows" name="test_sort_bibliography_workflow" time="0.007" /><testcase classname="tests.integration.test_cli_workflows.TestCLIWorkflows" name="test_format_bibliography_workflow" time="0.007" /><testcase classname="tests.integration.test_cli_workflows.TestCLIWorkflows" name="test_extract_citations_workflow" time="0.001" /><testcase classname="tests.integration.test_cli_workflows.TestCLIWorkflows" name="test_check_hallucinations_workflow" time="0.008" /><testcase classname="tests.integration.test_cli_workflows.TestCLIWorkflows" name="test_markdown_to_latex_workflow" time="2.614" /><testcase classname="tests.integration.test_cli_workflows.TestCLIWorkflows" name="test_pipeline_workflow" time="0.024" /><testcase classname="tests.integration.test_cli_workflows.TestCLIWorkflows" name="test_doi_validation_workflow" time="0.006" /><testcase classname="tests.integration.test_cli_workflows.TestCLIWorkflows" name="test_batch_processing_workflow" time="0.006" /><testcase classname="tests.parsers.test_bibtex_parser.TestBibtexParser" name="test_parse_simple_entry" time="0.004" /><testcase classname="tests.parsers.test_bibtex_parser.TestBibtexParser" name="test_extract_entries" time="0.041" /><testcase classname="tests.parsers.test_bibtex_parser.TestBibtexParser" name="test_get_entry_by_id" time="0.004" /><testcase classname="tests.parsers.test_bibtex_parser.TestBibtexParser" name="test_extract_field" time="0.005" /><testcase classname="tests.parsers.test_bibtex_parser.TestBibtexParser" name="test_update_field" time="0.006" /><testcase classname="tests.parsers.test_bibtex_parser.TestBibtexParser" name="test_validate_valid_bibtex" time="0.007" /><testcase classname="tests.parsers.test_bibtex_parser.TestBibtexParser" name="test_validate_missing_required_fields" time="0.004" /><testcase classname="tests.parsers.test_bibtex_parser.TestBibtexParser" name="test_validate_empty_id" time="0.005" /><testcase classname="tests.parsers.test_bibtex_parser.TestBibtexParser" name="test_parse_different_entry_types" time="0.007" /><testcase classname="tests.parsers.test_bibtex_parser.TestBibtexParser" name="test_parse_with_special_characters" time="0.008" /><testcase classname="tests.parsers.test_latex_parser.TestLatexParser" name="test_parse_simple_text" time="0.001" /><testcase classname="tests.parsers.test_latex_parser.TestLatexParser" name="test_extract_citations" time="0.001" /><testcase classname="tests.parsers.test_latex_parser.TestLatexParser" name="test_extract_labels" time="0.001" /><testcase classname="tests.parsers.test_latex_parser.TestLatexParser" name="test_extract_sections" time="0.001" /><testcase classname="tests.parsers.test_latex_parser.TestLatexParser" name="test_validate_valid_latex" time="0.000" /><testcase classname="tests.parsers.test_latex_parser.TestLatexParser" name="test_validate_unmatched_braces" time="0.000" /><testcase classname="tests.parsers.test_latex_parser.TestLatexParser" name="test_validate_unmatched_math" time="0.000" /><testcase classname="tests.parsers.test_latex_parser.TestLatexParser" name="test_parse_with_comments" time="0.001" /><testcase classname="tests.parsers.test_latex_parser.TestLatexParser" name="test_parse_math_environments" time="0.001" /><testcase classname="tests.parsers.test_markdown_parser.TestMarkdownParser" name="test_parse_simple_text" time="0.002" /><testcase classname="tests.parsers.test_markdown_parser.TestMarkdownParser" name="test_extract_headings" time="0.002" /><testcase classname="tests.parsers.test_markdown_parser.TestMarkdownParser" name="test_extract_links" time="0.003" /><testcase classname="tests.parsers.test_markdown_parser.TestMarkdownParser" name="test_extract_images" time="0.002" /><testcase classname="tests.parsers.test_markdown_parser.TestMarkdownParser" name="test_extract_code_blocks" time="0.001" /><testcase classname="tests.parsers.test_markdown_parser.TestMarkdownParser" name="test_parse_inline_elements" time="0.006" /><testcase classname="tests.parsers.test_markdown_parser.TestMarkdownParser" name="test_parse_lists" time="0.004" /><testcase classname="tests.parsers.test_markdown_parser.TestMarkdownParser" name="test_parse_blockquotes" time="0.001" /><testcase classname="tests.parsers.test_markdown_parser.TestMarkdownParser" name="test_validate_valid_markdown" time="0.003" /><testcase classname="tests.parsers.test_markdown_parser.TestMarkdownParser" name="test_validate_unmatched_brackets" time="0.001" /><testcase classname="tests.parsers.test_markdown_parser.TestMarkdownParser" name="test_validate_heading_hierarchy" time="0.001" /><testcase classname="tests.parsers.test_markdown_parser.TestMarkdownParser" name="test_parse_tables" time="0.001" /><testcase classname="tests.parsers.test_markdown_parser.TestMarkdownParser" name="test_parse_html_content" time="0.001" /><testcase classname="tests.test_ast_reconstruction.TestASTReconstruction" name="test_simple_text_reconstruction" time="0.001" /><testcase classname="tests.test_ast_reconstruction.TestASTReconstruction" name="test_macro_reconstruction" time="0.001" /><testcase classname="tests.test_ast_reconstruction.TestASTReconstruction" name="test_citation_reconstruction" time="0.001" /><testcase classname="tests.test_ast_reconstruction.TestASTReconstruction" name="test_environment_reconstruction" time="0.000" /><testcase classname="tests.test_ast_reconstruction.TestASTReconstruction" name="test_math_reconstruction" time="0.001" /><testcase classname="tests.test_ast_reconstruction.TestASTReconstruction" name="test_comment_reconstruction" time="0.000" /><testcase classname="tests.test_ast_reconstruction.TestASTReconstruction" name="test_passthrough_fix_reconstruction" time="0.001" /><testcase classname="tests.test_ast_reconstruction.TestASTReconstruction" name="test_nested_emphasis_fix_reconstruction" time="0.001" /><testcase classname="tests.test_ast_reconstruction.TestASTReconstruction" name="test_empty_caption_removal_reconstruction" time="0.001" /><testcase classname="tests.test_ast_reconstruction.TestASTReconstruction" name="test_href_to_citation_reconstruction" time="0.001" /><testcase classname="tests.test_ast_reconstruction.TestASTReconstruction" name="test_complex_document_reconstruction" time="0.001" /><testcase classname="tests.test_bbl_transformer" name="test_url_extraction_from_bib" time="0.008" /><testcase classname="tests.test_bbl_transformer" name="test_bbl_transformation_with_urls" time="0.007" /><testcase classname="tests.test_bbl_transformer" name="test_bbl_transformation_preserves_structure" time="0.007" /><testcase classname="tests.test_bbl_transformer" name="test_malformed_bbl_entry_handling" time="0.004" /><testcase classname="tests.test_bbl_transformer" name="test_url_removal_from_bbl" time="0.004" /><testcase classname="tests.test_bbl_transformer" name="test_doi_formatting" time="0.005" /><testcase classname="tests.test_bibliography_extraction.TestCitation" name="test_citation_initialization" time="0.000" /><testcase classname="tests.test_bibliography_extraction.TestCitation" name="test_bibtex_key_generation" time="0.000" /><testcase classname="tests.test_bibliography_extraction.TestCitation" name="test_bibtex_generation_article" time="0.000" /><testcase classname="tests.test_bibliography_extraction.TestCitation" name="test_bibtex_generation_arxiv" time="0.000" /><testcase classname="tests.test_bibliography_extraction.TestCitation" name="test_bibtex_generation_missing_title" time="0.000" /><testcase classname="tests.test_bibliography_extraction.TestCitationExtraction" name="test_extract_simple_citations" time="0.000" /><testcase classname="tests.test_bibliography_extraction.TestCitationExtraction" name="test_extract_citations_with_spaces" time="0.000" /><testcase classname="tests.test_bibliography_extraction.TestCitationExtraction" name="test_skip_duplicate_urls" time="0.000" /><testcase classname="tests.test_bibliography_extraction.TestCitationExtraction" name="test_complex_author_names" time="0.000" /><testcase classname="tests.test_bibliography_extraction.TestURLParsing" name="test_extract_doi_from_url" time="0.000" /><testcase classname="tests.test_bibliography_extraction.TestURLParsing" name="test_extract_arxiv_id_from_url" time="0.000" /><testcase classname="tests.test_bibliography_extraction.TestMetadataFetching" name="test_fetch_crossref_metadata_success" time="0.501" /><testcase classname="tests.test_bibliography_extraction.TestMetadataFetching" name="test_fetch_crossref_metadata_not_found" time="0.501" /><testcase classname="tests.test_bibliography_extraction.TestMetadataFetching" name="test_fetch_arxiv_metadata_success" time="0.501" /><testcase classname="tests.test_bibliography_extraction.TestMetadataFetching" name="test_fetch_webpage_title_success" time="0.501" /><testcase classname="tests.test_bibliography_extraction.TestMetadataFetching" name="test_enrich_citation_with_doi" time="0.502" /><testcase classname="tests.test_bibliography_extraction.TestEndToEnd" name="test_process_markdown_file" time="0.002" /><testcase classname="tests.test_bibliography_integrity.TestBibliographyIntegrity" name="test_valid_bibliography" time="0.001" /><testcase classname="tests.test_bibliography_integrity.TestBibliographyIntegrity" name="test_missing_citations" time="0.001" /><testcase classname="tests.test_bibliography_integrity.TestBibliographyIntegrity" name="test_orphaned_entries" time="0.001" /><testcase classname="tests.test_bibliography_integrity.TestBibliographyIntegrity" name="test_backup_restore" time="0.001" /><testcase classname="tests.test_bibliography_integrity.TestBibliographyIntegrity" name="test_multiple_citation_formats" time="0.001" /><testcase classname="tests.test_citation_pipeline" name="test_golden_baseline_exists" time="0.000" /><testcase classname="tests.test_citation_pipeline" name="test_no_unknown_authors_regression" time="0.000" /><testcase classname="tests.test_citation_pipeline" name="test_citation_matching_rate_maintained" time="0.000"><skipped type="pytest.skip" message="Baseline not yet captured with Zotero API matching">/home/petteri/Dropbox/github-personal/deep-biblio-tools/tests/test_citation_pipeline.py:92: Baseline not yet captured with Zotero API matching</skipped></testcase><testcase classname="tests.test_citation_pipeline" name="test_debug_artifacts_structure" time="0.002"><failure message="AssertionError: Missing expected debug file: conversion.log&#10;assert False&#10; +  where False = exists()&#10; +    where exists = PosixPath('/home/petteri/Dropbox/github-personal/deep-biblio-tools/tests/fixtures/debug-runs/mcp-draft-refined-v4-20251027-000434/conversion.log').exists">tests/test_citation_pipeline.py:141: in test_debug_artifacts_structure
    assert file_path.exists(), f"Missing expected debug file: {filename}"
E   AssertionError: Missing expected debug file: conversion.log
E   assert False
E    +  where False = exists()
E    +    where exists = PosixPath('/home/petteri/Dropbox/github-personal/deep-biblio-tools/tests/fixtures/debug-runs/mcp-draft-refined-v4-20251027-000434/conversion.log').exists</failure></testcase><testcase classname="tests.test_citation_pipeline" name="test_bibtex_validation_artifact" time="0.000" /><testcase classname="tests.test_citation_pipeline" name="test_pdf_validation_artifact" time="0.000" /><testcase classname="tests.test_filename_conventions.TestFilenameConventions" name="test_consistent_naming_pattern" time="0.039"><failure message="AssertionError: Files don't follow naming convention:\n  CITATION-REPLACEMENT-FAILURE-REPORT.md → Should be lowercase: citation-replacement-failure-report.md\n  DEEP-CODE-REVIEW-AND-CONTINUATION-PLAN.md → Should be lowercase: deep-code-review-and-continuation-plan.md\n  ROOT-CAUSE-ANALYSIS-AND-FIX-PLAN.md → Should be lowercase: root-cause-analysis-and-fix-plan.md\n  SYSTEMATIC_FIX_PLAN.md → Should be lowercase: systematic_fix_plan.md\n  SYSTEMATIC_FIX_PLAN.md → Use hyphens not underscores: systematic-fix-plan.md\n  PHASE3-5-IMPLEMENTATION-REPORT.md → Should be lowercase: phase3-5-implementation-report.md\n  AMPERSAND_ISSUE_ANALYSIS.md → Should be lowercase: ampersand_issue_analysis.md\n  AMPERSAND_ISSUE_ANALYSIS.md → Use hyphens not underscores: ampersand-issue-analysis.md\n  MULTI-HYPOTHESIS-DIAGNOSTIC-PLAN.md → Should be lowercase: multi-hypothesis-diagnostic-plan.md\n  .claude/CITATION-QUALITY-ISSUES.md → Should be lowercase: citation-quality-issues.md\n  .claude/CITATION-AUDIT-ALL-MANUSCRIPTS.md → Should be lowercase: citation-audit-all-manuscripts.md\n  .claude/COMPREHENSIVE-COMPLETION-PLAN.md → Should be lowercase: comprehensive-completion-plan.md\n  .claude/MCP-CITATION-QUALITY-PLAN.md → Should be lowercase: mcp-citation-quality-plan.md\n  tests/fixtures/golden/manuscripts/fashion_LCA.md → Should be lowercase: fashion_lca.md\n  tests/fixtures/golden/manuscripts/fashion_LCA.md → Use hyphens not underscores: fashion-lca.md\n  tests/fixtures/golden/manuscripts/mcp_review.md → Use hyphens not underscores: mcp-review.md\n  tests/fixtures/golden/manuscripts/fashion_3D_CAD.md → Should be lowercase: fashion_3d_cad.md\n  tests/fixtures/golden/manuscripts/fashion_3D_CAD.md → Use hyphens not underscores: fashion-3d-cad.md\n  tests/fixtures/golden/manuscripts/fashion_4DGS.md → Should be lowercase: fashion_4dgs.md\n  tests/fixtures/golden/manuscripts/fashion_4DGS.md → Use hyphens not underscores: fashion-4dgs.md\n\nConvention: README.md and CLAUDE.md (uppercase), others lowercase-with-hyphens">tests/test_filename_conventions.py:200: in test_consistent_naming_pattern
    self.fail(
E   AssertionError: Files don't follow naming convention:\n  CITATION-REPLACEMENT-FAILURE-REPORT.md → Should be lowercase: citation-replacement-failure-report.md\n  DEEP-CODE-REVIEW-AND-CONTINUATION-PLAN.md → Should be lowercase: deep-code-review-and-continuation-plan.md\n  ROOT-CAUSE-ANALYSIS-AND-FIX-PLAN.md → Should be lowercase: root-cause-analysis-and-fix-plan.md\n  SYSTEMATIC_FIX_PLAN.md → Should be lowercase: systematic_fix_plan.md\n  SYSTEMATIC_FIX_PLAN.md → Use hyphens not underscores: systematic-fix-plan.md\n  PHASE3-5-IMPLEMENTATION-REPORT.md → Should be lowercase: phase3-5-implementation-report.md\n  AMPERSAND_ISSUE_ANALYSIS.md → Should be lowercase: ampersand_issue_analysis.md\n  AMPERSAND_ISSUE_ANALYSIS.md → Use hyphens not underscores: ampersand-issue-analysis.md\n  MULTI-HYPOTHESIS-DIAGNOSTIC-PLAN.md → Should be lowercase: multi-hypothesis-diagnostic-plan.md\n  .claude/CITATION-QUALITY-ISSUES.md → Should be lowercase: citation-quality-issues.md\n  .claude/CITATION-AUDIT-ALL-MANUSCRIPTS.md → Should be lowercase: citation-audit-all-manuscripts.md\n  .claude/COMPREHENSIVE-COMPLETION-PLAN.md → Should be lowercase: comprehensive-completion-plan.md\n  .claude/MCP-CITATION-QUALITY-PLAN.md → Should be lowercase: mcp-citation-quality-plan.md\n  tests/fixtures/golden/manuscripts/fashion_LCA.md → Should be lowercase: fashion_lca.md\n  tests/fixtures/golden/manuscripts/fashion_LCA.md → Use hyphens not underscores: fashion-lca.md\n  tests/fixtures/golden/manuscripts/mcp_review.md → Use hyphens not underscores: mcp-review.md\n  tests/fixtures/golden/manuscripts/fashion_3D_CAD.md → Should be lowercase: fashion_3d_cad.md\n  tests/fixtures/golden/manuscripts/fashion_3D_CAD.md → Use hyphens not underscores: fashion-3d-cad.md\n  tests/fixtures/golden/manuscripts/fashion_4DGS.md → Should be lowercase: fashion_4dgs.md\n  tests/fixtures/golden/manuscripts/fashion_4DGS.md → Use hyphens not underscores: fashion-4dgs.md\n\nConvention: README.md and CLAUDE.md (uppercase), others lowercase-with-hyphens</failure></testcase><testcase classname="tests.test_filename_conventions.TestFilenameConventions" name="test_no_case_duplicate_files" time="0.042" /><testcase classname="tests.test_filename_conventions.TestFilenameConventions" name="test_no_problematic_characters" time="0.035" /><testcase classname="tests.test_filename_conventions.TestFilenameConventions" name="test_readme_files_uppercase" time="0.034" /><testcase classname="tests.test_main.TestBiblioChecker" name="test_initialization" time="0.001" /><testcase classname="tests.test_main.TestBiblioChecker" name="test_academic_domain_detection" time="0.001" /><testcase classname="tests.test_main.TestUtilityFunctions" name="test_extract_dois_from_text" time="0.000" /><testcase classname="tests.test_main.TestUtilityFunctions" name="test_validate_doi" time="0.000" /><testcase classname="tests.test_main.TestUtilityFunctions" name="test_is_academic_domain" time="0.000" /><testcase classname="tests.test_md_to_latex_integration" name="test_end_to_end_conversion_with_hyperlinks" time="0.001" /><testcase classname="tests.test_md_to_latex_integration" name="test_citation_extraction_from_markdown" time="0.001" /><testcase classname="tests.test_md_to_latex_integration" name="test_latex_output_structure" time="0.000" /><testcase classname="tests.test_md_to_latex_integration" name="test_bbl_transformation_in_pipeline" time="0.000" /><testcase classname="tests.test_nerf_citation" name="test_nerf_full_title" time="0.000"><skipped type="pytest.skip" message="Phase 1: Key generation disabled, re-enable in Phase 2 with Zotero integration">/home/petteri/Dropbox/github-personal/deep-biblio-tools/tests/test_nerf_citation.py:44: Phase 1: Key generation disabled, re-enable in Phase 2 with Zotero integration</skipped></testcase><testcase classname="tests.test_nerf_citation" name="test_nerf_with_prefer_arxiv" time="0.000"><skipped type="pytest.skip" message="Phase 1: Key generation disabled, re-enable in Phase 2 with Zotero integration">/home/petteri/Dropbox/github-personal/deep-biblio-tools/tests/test_nerf_citation.py:98: Phase 1: Key generation disabled, re-enable in Phase 2 with Zotero integration</skipped></testcase><testcase classname="tests.test_nerf_citation" name="test_citation_deduplication" time="0.000"><skipped type="pytest.skip" message="Phase 1: Key generation disabled, re-enable in Phase 2 with Zotero integration">/home/petteri/Dropbox/github-personal/deep-biblio-tools/tests/test_nerf_citation.py:126: Phase 1: Key generation disabled, re-enable in Phase 2 with Zotero integration</skipped></testcase><testcase classname="tests.test_regex_compliance.TestRegexCompliance" name="test_approved_alternatives_usage" time="0.011" /><testcase classname="tests.test_regex_compliance.TestRegexCompliance" name="test_citation_processing_uses_approved_methods" time="0.009" /><testcase classname="tests.test_regex_compliance.TestRegexCompliance" name="test_no_regex_imports" time="0.504" /><testcase classname="tests.test_regex_compliance.TestRegexCompliance" name="test_no_regex_method_calls" time="0.080" /><testcase classname="tests.test_regex_compliance.TestRegexCompliance" name="test_no_version_suffix_files" time="0.016" /><testcase classname="tests.test_regex_compliance.TestRegexCompliance" name="test_parsing_functions_have_approved_methods" time="0.585" /><testcase classname="tests.test_regex_compliance.TestRegexCompliance" name="test_pre_commit_hook_enforcement" time="0.480" /><testcase classname="tests.test_regex_compliance.TestRegexEnforcementScript" name="test_enforcement_script_exists" time="0.001" /><testcase classname="tests.test_regex_compliance.TestRegexEnforcementScript" name="test_enforcement_script_runs" time="0.026" /><testcase classname="tests.test_regex_compliance.TestRegexEnforcementScript" name="test_script_detects_violations" time="0.000" /><testcase classname="tests.test_zotero_cli.TestZoteroCLI" name="test_zotero_options_in_cli" time="0.001" /><testcase classname="tests.test_zotero_cli.TestZoteroCLI" name="test_zotero_citation_fetch" time="0.000"><skipped type="pytest.skip" message="Complex integration test requires full Zotero API mocking - skipping until properly implemented">/home/petteri/Dropbox/github-personal/deep-biblio-tools/tests/test_zotero_cli.py:36: Complex integration test requires full Zotero API mocking - skipping until properly implemented</skipped></testcase><testcase classname="tests.test_zotero_cli.TestZoteroCLI" name="test_zotero_env_vars" time="2.564" /><testcase classname="tests.unit.test_citation_context_finder.TestCitationContextFinder" name="test_citation_context_creation" time="0.000" /><testcase classname="tests.unit.test_citation_context_finder.TestCitationContextFinder" name="test_normalize_url" time="0.000" /><testcase classname="tests.unit.test_citation_context_finder.TestCitationContextFinder" name="test_find_citation_contexts" time="0.002" /><testcase classname="tests.unit.test_citation_context_finder.TestCitationContextFinder" name="test_find_all_citation_contexts" time="0.004" /><testcase classname="tests.unit.test_citation_context_finder.TestCitationContextFinder" name="test_context_extraction" time="0.002" /><testcase classname="tests.unit.test_citation_context_finder.TestCitationContextFinder" name="test_find_markdown_files" time="0.001" /><testcase classname="tests.unit.test_citation_context_finder.TestCitationContextFinder" name="test_format_context_display" time="0.000" /><testcase classname="tests.unit.test_thinking_tag_removal.TestThinkingTagRemoval" name="test_single_thinking_tag_removal" time="0.001" /><testcase classname="tests.unit.test_thinking_tag_removal.TestThinkingTagRemoval" name="test_multiple_thinking_tags_removal" time="0.001" /><testcase classname="tests.unit.test_thinking_tag_removal.TestThinkingTagRemoval" name="test_nested_content_removal" time="0.001" /><testcase classname="tests.unit.test_thinking_tag_removal.TestThinkingTagRemoval" name="test_no_thinking_tags" time="0.001" /><testcase classname="tests.unit.test_thinking_tag_removal.TestThinkingTagRemoval" name="test_empty_thinking_tags" time="0.001" /><testcase classname="tests.unit.test_thinking_tag_removal.TestThinkingTagRemoval" name="test_thinking_tags_with_special_characters" time="0.001" /><testcase classname="tests.validation.test_bib_parser.TestBibTeXParsing" name="test_parse_entries_count" time="0.001" /><testcase classname="tests.validation.test_bib_parser.TestBibTeXParsing" name="test_parse_entry_fields" time="0.000" /><testcase classname="tests.validation.test_bib_parser.TestRequiredFieldValidation" name="test_detect_missing_title" time="0.000" /><testcase classname="tests.validation.test_bib_parser.TestRequiredFieldValidation" name="test_detect_missing_journal_for_article" time="0.000" /><testcase classname="tests.validation.test_bib_parser.TestRequiredFieldValidation" name="test_valid_entry_has_all_required" time="0.000" /><testcase classname="tests.validation.test_bib_parser.TestIssueDetection" name="test_detect_incomplete_authors" time="0.000" /><testcase classname="tests.validation.test_bib_parser.TestIssueDetection" name="test_detect_placeholder_titles" time="0.000" /><testcase classname="tests.validation.test_bib_parser.TestIssueDetection" name="test_detect_missing_doi_for_articles" time="0.000" /><testcase classname="tests.validation.test_bib_parser.TestSeverityLevels" name="test_missing_title_is_critical" time="0.000" /><testcase classname="tests.validation.test_bib_parser.TestSeverityLevels" name="test_incomplete_authors_is_high" time="0.000" /><testcase classname="tests.validation.test_bib_parser.TestSeverityLevels" name="test_missing_doi_is_medium" time="0.000" /><testcase classname="tests.validation.test_bib_parser.TestSeverityLevels" name="test_multiple_issues_uses_highest_severity" time="0.000" /><testcase classname="tests.validation.test_doi_validator.TestDOIValidator" name="test_valid_doi_returns_metadata" time="0.000" /><testcase classname="tests.validation.test_doi_validator.TestDOIValidator" name="test_invalid_doi_returns_404" time="0.000" /><testcase classname="tests.validation.test_doi_validator.TestDOIValidator" name="test_rate_limit_returns_429" time="0.000" /><testcase classname="tests.validation.test_doi_validator.TestDOIValidator" name="test_real_doi_crossref_integration" time="0.451" /><testcase classname="tests.validation.test_doi_validator.TestDOIExtraction" name="test_extract_doi_from_doi_field" time="0.000" /><testcase classname="tests.validation.test_doi_validator.TestDOIExtraction" name="test_extract_doi_from_url_field" time="0.000" /><testcase classname="tests.validation.test_doi_validator.TestDOIExtraction" name="test_no_doi_returns_none" time="0.000" /><testcase classname="tests.validation.test_validation_pipeline.TestValidationPipeline" name="test_validation_detects_all_issues" time="0.001" /><testcase classname="tests.validation.test_validation_pipeline.TestValidationPipeline" name="test_validation_generates_jsonl_output" time="0.000" /><testcase classname="tests.validation.test_validation_pipeline.TestValidationPipeline" name="test_validation_generates_csv_output" time="0.000" /><testcase classname="tests.validation.test_validation_pipeline.TestAutoFixPipeline" name="test_auto_fix_generates_staged_output" time="0.000" /><testcase classname="tests.validation.test_validation_pipeline.TestAutoFixPipeline" name="test_auto_fix_generates_audit_log" time="0.000" /><testcase classname="tests.validation.test_validation_pipeline.TestAutoFixPipeline" name="test_auto_fix_generates_merge_proposal" time="0.001" /><testcase classname="tests.validation.test_validation_pipeline.TestManualReviewQueue" name="test_review_queue_filters_unfixable_issues" time="0.000" /><testcase classname="tests.validation.test_validation_pipeline.TestManualReviewQueue" name="test_review_queue_prioritizes_by_severity" time="0.000" /><testcase classname="tests.validation.test_validation_pipeline.TestEndToEndValidation" name="test_full_workflow_on_real_bib_file" time="0.000" /></testsuite></testsuites>