<?xml version="1.0" encoding="utf-8"?><testsuites name="pytest tests"><testsuite name="pytest" errors="0" failures="0" skipped="0" tests="12" time="21.180" timestamp="2025-10-29T00:28:16.664339+01:00" hostname="petteri-XPS-Ubu"><testcase classname="tests.converters.md_to_latex.test_citation_manager.TestCitation" name="test_basic_citation" time="0.001" /><testcase classname="tests.converters.md_to_latex.test_citation_manager.TestCitation" name="test_custom_key" time="0.000" /><testcase classname="tests.converters.md_to_latex.test_citation_manager.TestCitation" name="test_doi_extraction" time="0.000" /><testcase classname="tests.converters.md_to_latex.test_citation_manager.TestCitation" name="test_to_bibtex_basic" time="0.000" /><testcase classname="tests.converters.md_to_latex.test_citation_manager.TestCitation" name="test_to_bibtex_with_metadata" time="0.000" /><testcase classname="tests.converters.md_to_latex.test_citation_manager.TestCitationManager" name="test_extract_citations" time="0.016" /><testcase classname="tests.converters.md_to_latex.test_citation_manager.TestCitationManager" name="test_duplicate_key_handling" time="0.009" /><testcase classname="tests.converters.md_to_latex.test_citation_manager.TestCitationManager" name="test_replace_citations_in_text" time="0.008" /><testcase classname="tests.converters.md_to_latex.test_citation_manager.TestCitationManager" name="test_fetch_from_crossref" time="0.007" /><testcase classname="tests.converters.md_to_latex.test_citation_manager.TestCitationManager" name="test_fetch_from_arxiv" time="0.008" /><testcase classname="tests.converters.md_to_latex.test_citation_manager.TestCitationManager" name="test_cache_persistence" time="0.010" /><testcase classname="tests.converters.md_to_latex.test_citation_manager.TestCitationManager" name="test_generate_bibtex_file" time="20.819" /></testsuite></testsuites>