<?xml version="1.0" encoding="utf-8"?><testsuites name="pytest tests"><testsuite name="pytest" errors="0" failures="0" skipped="0" tests="11" time="0.612" timestamp="2025-10-29T00:29:48.781388+01:00" hostname="petteri-XPS-Ubu"><testcase classname="tests.converters.md_to_latex.test_zotero_integration.TestZoteroClient" name="test_initialization" time="0.001" /><testcase classname="tests.converters.md_to_latex.test_zotero_integration.TestZoteroClient" name="test_search_by_identifier_translation_server" time="0.001" /><testcase classname="tests.converters.md_to_latex.test_zotero_integration.TestZoteroClient" name="test_search_by_identifier_translation_server_failure" time="0.001" /><testcase classname="tests.converters.md_to_latex.test_zotero_integration.TestZoteroClient" name="test_search_library" time="0.001" /><testcase classname="tests.converters.md_to_latex.test_zotero_integration.TestZoteroClient" name="test_format_bibtex" time="0.000" /><testcase classname="tests.converters.md_to_latex.test_zotero_integration.TestZoteroClient" name="test_format_bibtex_minimal" time="0.000" /><testcase classname="tests.converters.md_to_latex.test_zotero_integration.TestZoteroClient" name="test_extract_year" time="0.000" /><testcase classname="tests.converters.md_to_latex.test_zotero_integration.TestZoteroClient" name="test_get_first_title_word" time="0.000" /><testcase classname="tests.converters.md_to_latex.test_zotero_integration.TestZoteroClient" name="test_load_collection_with_keys" time="0.006" /><testcase classname="tests.converters.md_to_latex.test_zotero_integration.TestZoteroClient" name="test_load_collection_with_keys_empty" time="0.001" /><testcase classname="tests.converters.md_to_latex.test_zotero_integration.TestZoteroIntegration" name="test_real_translation_server" time="0.341" /></testsuite></testsuites>