<?xml version="1.0" encoding="utf-8"?><testsuites name="pytest tests"><testsuite name="pytest" errors="0" failures="0" skipped="0" tests="132" time="25.997" timestamp="2025-10-29T00:25:42.222099+01:00" hostname="petteri-XPS-Ubu"><testcase classname="tests.converters.md_to_latex.test_citation_extractor_unified.TestUnifiedCitationExtractor" name="test_extract_simple_citation" time="0.002" /><testcase classname="tests.converters.md_to_latex.test_citation_extractor_unified.TestUnifiedCitationExtractor" name="test_extract_multiple_citations" time="0.003" /><testcase classname="tests.converters.md_to_latex.test_citation_extractor_unified.TestUnifiedCitationExtractor" name="test_academic_domain_detection" time="0.001" /><testcase classname="tests.converters.md_to_latex.test_citation_extractor_unified.TestUnifiedCitationExtractor" name="test_extract_citation_contexts" time="0.001" /><testcase classname="tests.converters.md_to_latex.test_citation_extractor_unified.TestUnifiedCitationExtractor" name="test_group_citations_by_domain" time="0.002" /><testcase classname="tests.converters.md_to_latex.test_citation_extractor_unified.TestUnifiedCitationExtractor" name="test_find_duplicate_citations" time="0.002" /><testcase classname="tests.converters.md_to_latex.test_citation_extractor_unified.TestUnifiedCitationExtractor" name="test_edge_cases" time="0.001" /><testcase classname="tests.converters.md_to_latex.test_citation_extractor_unified.TestUnifiedCitationExtractor" name="test_position_tracking" time="0.001" /><testcase classname="tests.converters.md_to_latex.test_citation_extractor_unified.TestUnifiedCitationExtractor" name="test_complex_markdown" time="0.003" /><testcase classname="tests.converters.md_to_latex.test_citation_manager.TestCitation" name="test_basic_citation" time="0.000" /><testcase classname="tests.converters.md_to_latex.test_citation_manager.TestCitation" name="test_custom_key" time="0.000" /><testcase classname="tests.converters.md_to_latex.test_citation_manager.TestCitation" name="test_doi_extraction" time="0.000" /><testcase classname="tests.converters.md_to_latex.test_citation_manager.TestCitation" name="test_to_bibtex_basic" time="0.000" /><testcase classname="tests.converters.md_to_latex.test_citation_manager.TestCitation" name="test_to_bibtex_with_metadata" time="0.000" /><testcase classname="tests.converters.md_to_latex.test_citation_manager.TestCitationManager" name="test_extract_citations" time="0.014" /><testcase classname="tests.converters.md_to_latex.test_citation_manager.TestCitationManager" name="test_duplicate_key_handling" time="0.012" /><testcase classname="tests.converters.md_to_latex.test_citation_manager.TestCitationManager" name="test_replace_citations_in_text" time="0.017" /><testcase classname="tests.converters.md_to_latex.test_citation_manager.TestCitationManager" name="test_fetch_from_crossref" time="0.008" /><testcase classname="tests.converters.md_to_latex.test_citation_manager.TestCitationManager" name="test_fetch_from_arxiv" time="0.009" /><testcase classname="tests.converters.md_to_latex.test_citation_manager.TestCitationManager" name="test_cache_persistence" time="0.011" /><testcase classname="tests.converters.md_to_latex.test_citation_manager.TestCitationManager" name="test_generate_bibtex_file" time="1.298" /><testcase classname="tests.converters.md_to_latex.test_concept_boxes.TestConceptBox" name="test_basic_concept_box" time="0.000" /><testcase classname="tests.converters.md_to_latex.test_concept_boxes.TestConceptBox" name="test_custom_style" time="0.000" /><testcase classname="tests.converters.md_to_latex.test_concept_boxes.TestConceptBox" name="test_professional_blue_latex" time="0.000" /><testcase classname="tests.converters.md_to_latex.test_concept_boxes.TestConceptBox" name="test_modern_gradient_latex" time="0.000" /><testcase classname="tests.converters.md_to_latex.test_concept_boxes.TestConceptBox" name="test_clean_minimal_latex" time="0.000" /><testcase classname="tests.converters.md_to_latex.test_concept_boxes.TestConceptBox" name="test_academic_formal_latex" time="0.000" /><testcase classname="tests.converters.md_to_latex.test_concept_boxes.TestConceptBox" name="test_technical_dark_latex" time="0.000" /><testcase classname="tests.converters.md_to_latex.test_concept_boxes.TestConceptBoxConverter" name="test_extract_single_box" time="0.000" /><testcase classname="tests.converters.md_to_latex.test_concept_boxes.TestConceptBoxConverter" name="test_extract_multiple_boxes" time="0.000" /><testcase classname="tests.converters.md_to_latex.test_concept_boxes.TestConceptBoxConverter" name="test_replace_boxes_in_text" time="0.000" /><testcase classname="tests.converters.md_to_latex.test_concept_boxes.TestConceptBoxConverter" name="test_empty_content_handling" time="0.001" /><testcase classname="tests.converters.md_to_latex.test_concept_boxes.TestConceptBoxConverter" name="test_required_packages" time="0.000" /><testcase classname="tests.converters.md_to_latex.test_concept_boxes.TestConceptBoxConverter" name="test_set_style" time="0.000" /><testcase classname="tests.converters.md_to_latex.test_concept_boxes_enhanced.TestEnhancedConceptBoxConverter" name="test_asterisk_encoding" time="0.000" /><testcase classname="tests.converters.md_to_latex.test_concept_boxes_enhanced.TestEnhancedConceptBoxConverter" name="test_hline_encoding" time="0.000" /><testcase classname="tests.converters.md_to_latex.test_concept_boxes_enhanced.TestEnhancedConceptBoxConverter" name="test_blockquote_encoding" time="0.000" /><testcase classname="tests.converters.md_to_latex.test_concept_boxes_enhanced.TestEnhancedConceptBoxConverter" name="test_multiple_boxes_hline" time="0.000" /><testcase classname="tests.converters.md_to_latex.test_concept_boxes_enhanced.TestEnhancedConceptBoxConverter" name="test_replace_boxes_in_text" time="0.000" /><testcase classname="tests.converters.md_to_latex.test_concept_boxes_enhanced.TestEnhancedConceptBoxConverter" name="test_style_selection" time="0.000" /><testcase classname="tests.converters.md_to_latex.test_concept_boxes_enhanced.TestEnhancedConceptBoxConverter" name="test_encoding_change" time="0.000" /><testcase classname="tests.converters.md_to_latex.test_concept_boxes_enhanced.TestEnhancedConceptBoxConverter" name="test_complex_hline_content" time="0.000" /><testcase classname="tests.converters.md_to_latex.test_converter.TestMarkdownToLatexConverter" name="test_converter_initialization" time="0.001" /><testcase classname="tests.converters.md_to_latex.test_converter.TestMarkdownToLatexConverter" name="test_converter_default_initialization" time="0.000" /><testcase classname="tests.converters.md_to_latex.test_converter.TestMarkdownToLatexConverter" name="test_convert_basic" time="2.068" /><testcase classname="tests.converters.md_to_latex.test_converter.TestMarkdownToLatexConverter" name="test_convert_nonexistent_file" time="0.002" /><testcase classname="tests.converters.md_to_latex.test_converter.TestMarkdownToLatexConverter" name="test_convert_with_custom_output_name" time="2.179" /><testcase classname="tests.converters.md_to_latex.test_converter.TestMarkdownToLatexConverter" name="test_citation_extraction" time="2.414" /><testcase classname="tests.converters.md_to_latex.test_converter.TestMarkdownToLatexConverter" name="test_concept_box_conversion" time="2.330" /><testcase classname="tests.converters.md_to_latex.test_converter.TestMarkdownToLatexConverter" name="test_set_concept_box_style" time="0.001" /><testcase classname="tests.converters.md_to_latex.test_converter.TestMarkdownToLatexConverter" name="test_get_available_styles" time="0.001" /><testcase classname="tests.converters.md_to_latex.test_converter.TestMarkdownToLatexConverter" name="test_verbose_mode" time="2.520" /><testcase classname="tests.converters.md_to_latex.test_converter.TestMarkdownToLatexConverter" name="test_pandoc_failure" time="0.011" /><testcase classname="tests.converters.md_to_latex.test_full_pipeline.TestFullPipeline" name="test_empty_concept_box_handling" time="0.001" /><testcase classname="tests.converters.md_to_latex.test_full_pipeline.TestFullPipeline" name="test_concept_box_with_escaped_characters" time="0.001" /><testcase classname="tests.converters.md_to_latex.test_full_pipeline.TestFullPipeline" name="test_multiple_concept_box_formats" time="0.001" /><testcase classname="tests.converters.md_to_latex.test_full_pipeline.TestFullPipeline" name="test_citation_extraction_and_bibtex_generation" time="1.108" /><testcase classname="tests.converters.md_to_latex.test_full_pipeline.TestFullPipeline" name="test_natbib_compatibility" time="0.001" /><testcase classname="tests.converters.md_to_latex.test_full_pipeline.TestFullPipeline" name="test_table_column_width_handling" time="2.079" /><testcase classname="tests.converters.md_to_latex.test_full_pipeline.TestFullPipeline" name="test_utf8_handling" time="1.478" /><testcase classname="tests.converters.md_to_latex.test_full_pipeline.TestFullPipeline" name="test_compiler_preference" time="0.001" /><testcase classname="tests.converters.md_to_latex.test_full_pipeline.TestFullPipeline" name="test_bibliography_style_file_copying" time="0.885" /><testcase classname="tests.converters.md_to_latex.test_full_pipeline.TestRecentCorrections" name="test_citation_text_improvement" time="3.426" /><testcase classname="tests.converters.md_to_latex.test_full_pipeline.TestRecentCorrections" name="test_thinking_tag_removal" time="0.000" /><testcase classname="tests.converters.md_to_latex.test_full_pipeline.TestRecentCorrections" name="test_no_regex_for_parsing" time="0.000" /><testcase classname="tests.converters.md_to_latex.test_full_pipeline.TestEdgeCases" name="test_empty_markdown_file" time="1.913" /><testcase classname="tests.converters.md_to_latex.test_full_pipeline.TestEdgeCases" name="test_markdown_without_citations" time="1.413" /><testcase classname="tests.converters.md_to_latex.test_full_pipeline.TestEdgeCases" name="test_malformed_concept_boxes" time="0.001" /><testcase classname="tests.converters.md_to_latex.test_heading_cleaning.TestHeadingCleaning" name="test_remove_bold_formatting" time="0.000" /><testcase classname="tests.converters.md_to_latex.test_heading_cleaning.TestHeadingCleaning" name="test_remove_numbers_simple" time="0.000" /><testcase classname="tests.converters.md_to_latex.test_heading_cleaning.TestHeadingCleaning" name="test_remove_numbers_hierarchical" time="0.000" /><testcase classname="tests.converters.md_to_latex.test_heading_cleaning.TestHeadingCleaning" name="test_escaped_periods" time="0.000" /><testcase classname="tests.converters.md_to_latex.test_heading_cleaning.TestHeadingCleaning" name="test_combined_bold_and_numbers" time="0.000" /><testcase classname="tests.converters.md_to_latex.test_heading_cleaning.TestHeadingCleaning" name="test_preserve_non_headings" time="0.000" /><testcase classname="tests.converters.md_to_latex.test_heading_cleaning.TestHeadingCleaning" name="test_edge_cases" time="0.000" /><testcase classname="tests.converters.md_to_latex.test_latex_builder.TestLatexBuilder" name="test_basic_builder" time="0.000" /><testcase classname="tests.converters.md_to_latex.test_latex_builder.TestLatexBuilder" name="test_custom_document_class" time="0.000" /><testcase classname="tests.converters.md_to_latex.test_latex_builder.TestLatexBuilder" name="test_build_preamble_basic" time="0.000" /><testcase classname="tests.converters.md_to_latex.test_latex_builder.TestLatexBuilder" name="test_build_preamble_non_arxiv" time="0.000" /><testcase classname="tests.converters.md_to_latex.test_latex_builder.TestLatexBuilder" name="test_build_preamble_single_column" time="0.000" /><testcase classname="tests.converters.md_to_latex.test_latex_builder.TestLatexBuilder" name="test_add_packages" time="0.000" /><testcase classname="tests.converters.md_to_latex.test_latex_builder.TestLatexBuilder" name="test_add_custom_commands" time="0.000" /><testcase classname="tests.converters.md_to_latex.test_latex_builder.TestLatexBuilder" name="test_build_document" time="0.000" /><testcase classname="tests.converters.md_to_latex.test_latex_builder.TestLatexBuilder" name="test_build_document_no_title" time="0.000" /><testcase classname="tests.converters.md_to_latex.test_latex_builder.TestLatexBuilder" name="test_process_pandoc_output" time="0.000" /><testcase classname="tests.converters.md_to_latex.test_latex_builder.TestLatexBuilder" name="test_create_makefile" time="0.001" /><testcase classname="tests.converters.md_to_latex.test_latex_builder.TestLatexBuilder" name="test_create_readme" time="0.001" /><testcase classname="tests.converters.md_to_latex.test_post_processing.TestLatexPostProcessor" name="test_fix_passthrough_commands" time="0.000" /><testcase classname="tests.converters.md_to_latex.test_post_processing.TestLatexPostProcessor" name="test_fix_table_alignment_issues" time="0.000" /><testcase classname="tests.converters.md_to_latex.test_post_processing.TestLatexPostProcessor" name="test_fix_strut_commands" time="0.000" /><testcase classname="tests.converters.md_to_latex.test_post_processing.TestLatexPostProcessor" name="test_fix_empty_captions" time="0.000" /><testcase classname="tests.converters.md_to_latex.test_post_processing.TestLatexPostProcessor" name="test_fix_nested_emphasis" time="0.000" /><testcase classname="tests.converters.md_to_latex.test_post_processing.TestLatexPostProcessor" name="test_fix_href_in_tables" time="0.000" /><testcase classname="tests.converters.md_to_latex.test_post_processing.TestLatexPostProcessor" name="test_process_file" time="0.001" /><testcase classname="tests.converters.md_to_latex.test_post_processing_ast.TestASTLatexPostProcessor" name="test_fix_passthrough_commands" time="0.002" /><testcase classname="tests.converters.md_to_latex.test_post_processing_ast.TestASTLatexPostProcessor" name="test_fix_nested_emphasis" time="0.002" /><testcase classname="tests.converters.md_to_latex.test_post_processing_ast.TestASTLatexPostProcessor" name="test_fix_empty_captions" time="0.002" /><testcase classname="tests.converters.md_to_latex.test_post_processing_ast.TestASTLatexPostProcessor" name="test_convert_href_citations" time="0.002" /><testcase classname="tests.converters.md_to_latex.test_post_processing_ast.TestASTLatexPostProcessor" name="test_clean_excessive_line_breaks" time="0.001" /><testcase classname="tests.converters.md_to_latex.test_post_processing_ast.TestASTLatexPostProcessor" name="test_malformed_latex" time="0.001" /><testcase classname="tests.converters.md_to_latex.test_post_processing_ast.TestASTLatexPostProcessor" name="test_post_process_function" time="0.001" /><testcase classname="tests.converters.md_to_latex.test_post_processing_ast.TestASTLatexPostProcessor" name="test_complex_document" time="0.003" /><testcase classname="tests.converters.md_to_latex.test_utils.TestSanitizeLatex" name="test_special_characters" time="0.000" /><testcase classname="tests.converters.md_to_latex.test_utils.TestSanitizeLatex" name="test_braces" time="0.000" /><testcase classname="tests.converters.md_to_latex.test_utils.TestSanitizeLatex" name="test_underscores" time="0.000" /><testcase classname="tests.converters.md_to_latex.test_utils.TestGenerateCitationKey" name="test_single_author" time="0.000" /><testcase classname="tests.converters.md_to_latex.test_utils.TestGenerateCitationKey" name="test_multiple_authors" time="0.000" /><testcase classname="tests.converters.md_to_latex.test_utils.TestGenerateCitationKey" name="test_et_al" time="0.000" /><testcase classname="tests.converters.md_to_latex.test_utils.TestExtractUrlFromLink" name="test_valid_link" time="0.000" /><testcase classname="tests.converters.md_to_latex.test_utils.TestExtractUrlFromLink" name="test_no_link" time="0.000" /><testcase classname="tests.converters.md_to_latex.test_utils.TestExtractDoiFromUrl" name="test_doi_org_url" time="0.000" /><testcase classname="tests.converters.md_to_latex.test_utils.TestExtractDoiFromUrl" name="test_doi_in_path" time="0.000" /><testcase classname="tests.converters.md_to_latex.test_utils.TestExtractDoiFromUrl" name="test_no_doi" time="0.000" /><testcase classname="tests.converters.md_to_latex.test_utils.TestParseCitationText" name="test_valid_citation" time="0.000" /><testcase classname="tests.converters.md_to_latex.test_utils.TestParseCitationText" name="test_invalid_citation" time="0.000" /><testcase classname="tests.converters.md_to_latex.test_utils.TestCleanPandocOutput" name="test_remove_tightlist" time="0.000" /><testcase classname="tests.converters.md_to_latex.test_utils.TestCleanPandocOutput" name="test_remove_empty_hypertarget" time="0.000" /><testcase classname="tests.converters.md_to_latex.test_utils.TestCleanPandocOutput" name="test_clean_excessive_blank_lines" time="0.000" /><testcase classname="tests.converters.md_to_latex.test_utils.TestExtractTitleFromMarkdown" name="test_h1_title" time="0.000" /><testcase classname="tests.converters.md_to_latex.test_utils.TestExtractTitleFromMarkdown" name="test_no_title" time="0.000" /><testcase classname="tests.converters.md_to_latex.test_utils.TestExtractAbstractFromMarkdown" name="test_h2_abstract" time="0.000" /><testcase classname="tests.converters.md_to_latex.test_utils.TestExtractAbstractFromMarkdown" name="test_bold_abstract" time="0.000" /><testcase classname="tests.converters.md_to_latex.test_utils.TestExtractAbstractFromMarkdown" name="test_no_abstract" time="0.000" /><testcase classname="tests.converters.md_to_latex.test_zotero_integration.TestZoteroClient" name="test_initialization" time="0.001" /><testcase classname="tests.converters.md_to_latex.test_zotero_integration.TestZoteroClient" name="test_search_by_identifier_translation_server" time="0.001" /><testcase classname="tests.converters.md_to_latex.test_zotero_integration.TestZoteroClient" name="test_search_by_identifier_translation_server_failure" time="0.001" /><testcase classname="tests.converters.md_to_latex.test_zotero_integration.TestZoteroClient" name="test_search_library" time="0.001" /><testcase classname="tests.converters.md_to_latex.test_zotero_integration.TestZoteroClient" name="test_format_bibtex" time="0.000" /><testcase classname="tests.converters.md_to_latex.test_zotero_integration.TestZoteroClient" name="test_format_bibtex_minimal" time="0.000" /><testcase classname="tests.converters.md_to_latex.test_zotero_integration.TestZoteroClient" name="test_extract_year" time="0.000" /><testcase classname="tests.converters.md_to_latex.test_zotero_integration.TestZoteroClient" name="test_get_first_title_word" time="0.000" /><testcase classname="tests.converters.md_to_latex.test_zotero_integration.TestZoteroIntegration" name="test_real_translation_server" time="0.334" /></testsuite></testsuites>