<?xml version="1.0" encoding="utf-8"?><testsuites name="pytest tests"><testsuite name="pytest" errors="0" failures="0" skipped="0" tests="13" time="0.354" timestamp="2025-10-30T02:04:01.738400+01:00" hostname="petteri-XPS-Ubu"><testcase classname="tests.unit.test_citation_manager_temp_key_validation.TestValidateNoTempKeys" name="test_no_temp_keys_passes" time="0.002" /><testcase classname="tests.unit.test_citation_manager_temp_key_validation.TestValidateNoTempKeys" name="test_temp_key_detected_and_fails" time="0.002" /><testcase classname="tests.unit.test_citation_manager_temp_key_validation.TestValidateNoTempKeys" name="test_dryrun_key_detected_and_fails" time="0.002" /><testcase classname="tests.unit.test_citation_manager_temp_key_validation.TestValidateNoTempKeys" name="test_multiple_temp_keys_counted" time="0.002" /><testcase classname="tests.unit.test_citation_manager_temp_key_validation.TestValidateNoTempKeys" name="test_fail_on_temp_false_returns_list" time="0.001" /><testcase classname="tests.unit.test_citation_manager_temp_key_validation.TestValidateNoTempKeys" name="test_include_dryrun_false_skips_dryrun_keys" time="0.001" /><testcase classname="tests.unit.test_citation_manager_temp_key_validation.TestValidateNoTempKeys" name="test_temp_prefix_variant_detected" time="0.001" /><testcase classname="tests.unit.test_citation_manager_temp_key_validation.TestValidateNoTempKeys" name="test_error_message_contains_helpful_info" time="0.001" /><testcase classname="tests.unit.test_citation_manager_temp_key_validation.TestValidateNoTempKeys" name="test_more_than_10_keys_shows_ellipsis" time="0.001" /><testcase classname="tests.unit.test_citation_manager_temp_key_validation.TestValidateNoTempKeys" name="test_mixed_valid_and_temp_keys" time="0.001" /><testcase classname="tests.unit.test_citation_manager_temp_key_validation.TestRealWorldScenarios" name="test_axios_example_scenario" time="0.002" /><testcase classname="tests.unit.test_citation_manager_temp_key_validation.TestRealWorldScenarios" name="test_dryrun_european_commission_scenario" time="0.001" /><testcase classname="tests.unit.test_citation_manager_temp_key_validation.TestRealWorldScenarios" name="test_266_matched_but_22_temp_keys_scenario" time="0.004" /></testsuite></testsuites>